750
933
13
553 558
412
964
753 758
103
50
132
148
200 204
702
682
788 789
321 322
658
971
834 835
728
627
49 51
120
339 341
508
548 552
149
46 47
170
546
76 79
425
259 262
956 957
63
994
962
877
560
52 53
832 833
804
606
499
581 582
916 918
484 487
673 674
300
496 498
812
112
844
486
11
472
780
519
460
738
267
360
196
194
10 12
927 928
969
232
45
713
379
504
937 940
27 30
228
538
720 721
74
912 915
222
694
25
272
480
693
718
240
663
526
910 911
567
289 290
109
181
351
251
208
993 995
116 117
583 585
870
921
92
107
56
311
808 810
961 965
164
967 968
9
660 661
678
805 806
596
725
836
16
525 527
476 478
665 666
326
639
779
645
332
906
688
601 603
298
839
734
315
555
842
604
59 61
888
784
114 115
337 338
864
871 872
191 195
929 930
549
243 244
68 69
174
712
17
938
305
818 824
551
559
767
210
699 700
507
982 984
890
184
219
647
168 169
99 101
898 901
684 685
740 744
451
922
201
89
668 670
679
759 760
163 165
312
29
333
382 383
966
648
517 518
880
569
605
564 566
541
620 622
296
91 93
610
252 253
277
719
523 524
650
640
869
94 95
747
394 395
947 949
353 355
837 838
849
57 58
931
515
281
154
274
923
722
908
633 634
5
212
214 215
81
865
534 535
372 373
623
217
231 234
802
768
216
686 689
211
520
14
766
516
997
209
245
457
743
78
787
83
652
976
602
151 152
393
996 999
637 643
510 511
354
697 698
438 443
905
589 590
158 160
369
144 146
36 37
727
959
442
306 307
368 371
15 18
859
136
6 8
477
446
236 237
680
770 773
239
345 350
54 55
254
736
574
669
681 683
886
980 981
952 953
875
279
225
917
309
926
452 454
197
359 363
614
64 65
493
38
313
418 419
220
268
724
565
434 437
456
771
939
370
723
22
142
320
294
761
616
317
450
206 207
505
122
273 280
179
266 269
316
797 798
944
690
651 653
349
60
777
599 600
303
615 617
365 366
241
407 408
131 133
739
218 221
850
409 410
389
479
791
39
329
746
512 513
528 529
364
176
545 547
597
638
62
433
367
707
346
800 801
840 841
247
335 336
672
48
879 881
3
397
375 376
756
646
954
654
400
147 150
358
497
941 943
177
556
110
706
775
183 185
283
448
501 503
87
308
276
742
829
935
299
180 182
950
429
572 573
86 88
595 598
352
106
123 124
774 781
324 327
568 571
35
846 847
823
403 405
822
293
985 988
431
861 862
121
391
757
384 385
588
958 960
986
113
285 288
554
483
866 868
455 458
488
255
827
506
100
677
853 856
202
726 731
576
924
893
73
489
611
343 344
33
235
951
819
421
98
899
286
71 72
990 991
873 876
539
792
826
902 903
811
628 630
845
749 750
948
695 696
188 190
310 318
687
884 885
118 119
799
730
675 676
31 32
422 424
533
813 814
24
102 104
754
42
821
171 172
161 162
134 137
667
729
440
265
878
882 883
473
23
631 632
855
807
786
714 715
490 492
649
772
282
439
485
361
444 445
166
387
41
140
644
129 130
323
223 224
820
411
887
843
40 44
790
577 578
543 544
942
741
187
192
765 769
491
891 892
436
521 522
189
755
278
785
302
423
691
803
671
932 934
426 427
141
481 482
778
592
657 659
656
594
275
874
537 542
972
474 475
238 242
502
70
831
621
319
43
987
381
745
532
591
420
557
509
570
356
301
406
156 157
500
263 264
705 709
825 828
229
84 85
815
586 587
258
138 143
396
751 752
230
889
233
342
963
989
629
1
655
618 619
809
193
34
186
75
270 271
983
348
428 432
494 495
325
710 711
198 199
848
261
466 469
334
256 257
467
287
626
764
575
732
978
226 227
830
401 402
77
459 461
205
328
816 817
213
904 909
854
249 250
404
126 128
704
716 717
531
895
692
776
178
762 763
111
867
80 82
453
795 796
852
203
173 175
463
863
955
284
536
28
998
894 897
462
733
96 97
260
380
562 563
386 388
127
973 974
708
530
945 946
579 580
609 612
975
145
613
378
914
347
635 636
435
593
340
66 67
21
540
896
561
857 858
782 783
430
374
357
153 155
4
701 703
735 737
330 331
913
907
377
584
90
514
641
642
925
292
447 449
159
19
246 248
390 392
748
470 471
936
20 26
105 108
139
125
919 920
607 608
624 625
468
0 2
7
297 304
550
851
860
992
291 295
977 979
970
413 414
793 794
416
167
662 664
314
362
464 465
441
135
415 417
398 399
900
